{"numFailedTestSuites":0,"numFailedTests":0,"numPassedTestSuites":22,"numPassedTests":94,"numPendingTestSuites":0,"numPendingTests":0,"numRuntimeErrorTestSuites":0,"numTodoTests":0,"numTotalTestSuites":22,"numTotalTests":94,"openHandles":[],"snapshot":{"added":0,"didUpdate":false,"failure":false,"filesAdded":0,"filesRemoved":0,"filesRemovedList":[],"filesUnmatched":0,"filesUpdated":0,"matched":0,"total":0,"unchecked":0,"uncheckedKeysByFile":[],"unmatched":0,"updated":0},"startTime":1782092835530,"success":true,"testResults":[{"assertionResults":[{"ancestorTitles":["isBoardingEvent"],"duration":47,"failureDetails":[],"failureMessages":[],"fullName":"isBoardingEvent acepta subio y manual","invocations":1,"location":{"column":3,"line":28},"numPassingAsserts":3,"retryReasons":[],"status":"passed","title":"acepta subio y manual"},{"ancestorTitles":["canRegisterBoarding"],"duration":1,"failureDetails":[],"failureMessages":[],"fullName":"canRegisterBoarding permite si el alumno está pendiente","invocations":1,"location":{"column":3,"line":36},"numPassingAsserts":1,"retryReasons":[],"status":"passed","title":"permite si el alumno está pendiente"},{"ancestorTitles":["canRegisterBoarding"],"duration":8,"failureDetails":[],"failureMessages":[],"fullName":"canRegisterBoarding bloquea si ya está a bordo","invocations":1,"location":{"column":3,"line":40},"numPassingAsserts":1,"retryReasons":[],"status":"passed","title":"bloquea si ya está a bordo"},{"ancestorTitles":["canRegisterDropoff"],"duration":9,"failureDetails":[],"failureMessages":[],"fullName":"canRegisterDropoff solo permite si está a bordo","invocations":1,"location":{"column":3,"line":46},"numPassingAsserts":2,"retryReasons":[],"status":"passed","title":"solo permite si está a bordo"},{"ancestorTitles":["canRegisterAbsent"],"duration":1,"failureDetails":[],"failureMessages":[],"fullName":"canRegisterAbsent solo permite si está pendiente","invocations":1,"location":{"column":3,"line":53},"numPassingAsserts":2,"retryReasons":[],"status":"passed","title":"solo permite si está pendiente"},{"ancestorTitles":["hasBoardingInHistory"],"duration":0,"failureDetails":[],"failureMessages":[],"fullName":"hasBoardingInHistory detecta subida previa","invocations":1,"location":{"column":3,"line":60},"numPassingAsserts":1,"retryReasons":[],"status":"passed","title":"detecta subida previa"},{"ancestorTitles":["getDuplicateRegistrationMessage"],"duration":2,"failureDetails":[],"failureMessages":[],"fullName":"getDuplicateRegistrationMessage mensaje estándar para subida duplicada","invocations":1,"location":{"column":3,"line":68},"numPassingAsserts":1,"retryReasons":[],"status":"passed","title":"mensaje estándar para subida duplicada"}],"endTime":1782092857051,"message":"","name":"C:\\Users\\denil\\PROYECTOS\\MUNICIPALIDAD\\BusControl\\mobile\\src\\features\\trips\\domain\\attendance.rules.test.ts","startTime":1782092836932,"status":"passed","summary":""},{"assertionResults":[{"ancestorTitles":["normalizeActivitySearchText"],"duration":104,"failureDetails":[],"failureMessages":[],"fullName":"normalizeActivitySearchText quita acentos y pasa a minúsculas","invocations":1,"location":{"column":3,"line":11},"numPassingAsserts":2,"retryReasons":[],"status":"passed","title":"quita acentos y pasa a minúsculas"},{"ancestorTitles":["getActivitySearchTokens"],"duration":4,"failureDetails":[],"failureMessages":[],"fullName":"getActivitySearchTokens divide por palabras","invocations":1,"location":{"column":3,"line":18},"numPassingAsserts":1,"retryReasons":[],"status":"passed","title":"divide por palabras"},{"ancestorTitles":["studentNameMatchesSearch"],"duration":1,"failureDetails":[],"failureMessages":[],"fullName":"studentNameMatchesSearch encuentra apellido parcial sin acentos","invocations":1,"location":{"column":3,"line":24},"numPassingAsserts":2,"retryReasons":[],"status":"passed","title":"encuentra apellido parcial sin acentos"},{"ancestorTitles":["studentNameMatchesSearch"],"duration":2,"failureDetails":[],"failureMessages":[],"fullName":"studentNameMatchesSearch requiere que todas las palabras coincidan","invocations":1,"location":{"column":3,"line":29},"numPassingAsserts":2,"retryReasons":[],"status":"passed","title":"requiere que todas las palabras coincidan"},{"ancestorTitles":["studentNameMatchesSearch"],"duration":1,"failureDetails":[],"failureMessages":[],"fullName":"studentNameMatchesSearch búsqueda vacía coincide con todo","invocations":1,"location":{"column":3,"line":34},"numPassingAsserts":2,"retryReasons":[],"status":"passed","title":"búsqueda vacía coincide con todo"},{"ancestorTitles":["filterGroupedDaysByStudentName"],"duration":5,"failureDetails":[],"failureMessages":[],"fullName":"filterGroupedDaysByStudentName filtra eventos y oculta días/viajes sin coincidencias","invocations":1,"location":{"column":3,"line":113},"numPassingAsserts":4,"retryReasons":[],"status":"passed","title":"filtra eventos y oculta días/viajes sin coincidencias"},{"ancestorTitles":["filterGroupedDaysByStudentName"],"duration":3,"failureDetails":[],"failureMessages":[],"fullName":"filterGroupedDaysByStudentName devuelve la semana completa si la búsqueda está vacía","invocations":1,"location":{"column":3,"line":122},"numPassingAsserts":1,"retryReasons":[],"status":"passed","title":"devuelve la semana completa si la búsqueda está vacía"},{"ancestorTitles":["filterGroupedDaysByStudentName"],"duration":1,"failureDetails":[],"failureMessages":[],"fullName":"filterGroupedDaysByStudentName devuelve vacío si no hay coincidencias","invocations":1,"location":{"column":3,"line":126},"numPassingAsserts":1,"retryReasons":[],"status":"passed","title":"devuelve vacío si no hay coincidencias"},{"ancestorTitles":["getActivitySearchEmptyMessage"],"duration":0,"failureDetails":[],"failureMessages":[],"fullName":"getActivitySearchEmptyMessage incluye el término buscado","invocations":1,"location":{"column":3,"line":132},"numPassingAsserts":1,"retryReasons":[],"status":"passed","title":"incluye el término buscado"}],"endTime":1782092857291,"message":"","name":"C:\\Users\\denil\\PROYECTOS\\MUNICIPALIDAD\\BusControl\\mobile\\src\\features\\trips\\domain\\activity-search.rules.test.ts","startTime":1782092836948,"status":"passed","summary":""},{"assertionResults":[{"ancestorTitles":["deriveRosterStatus"],"duration":32,"failureDetails":[],"failureMessages":[],"fullName":"deriveRosterStatus pendiente sin historial","invocations":1,"location":{"column":3,"line":28},"numPassingAsserts":1,"retryReasons":[],"status":"passed","title":"pendiente sin historial"},{"ancestorTitles":["deriveRosterStatus"],"duration":1,"failureDetails":[],"failureMessages":[],"fullName":"deriveRosterStatus a bordo tras subio","invocations":1,"location":{"column":3,"line":32},"numPassingAsserts":1,"retryReasons":[],"status":"passed","title":"a bordo tras subio"},{"ancestorTitles":["deriveRosterStatus"],"duration":2,"failureDetails":[],"failureMessages":[],"fullName":"deriveRosterStatus completado tras subio y bajo","invocations":1,"location":{"column":3,"line":36},"numPassingAsserts":1,"retryReasons":[],"status":"passed","title":"completado tras subio y bajo"},{"ancestorTitles":["deriveRosterStatus"],"duration":1,"failureDetails":[],"failureMessages":[],"fullName":"deriveRosterStatus vuelve a bordo si hay un segundo subio","invocations":1,"location":{"column":3,"line":45},"numPassingAsserts":1,"retryReasons":[],"status":"passed","title":"vuelve a bordo si hay un segundo subio"},{"ancestorTitles":["deriveRosterStatus"],"duration":0,"failureDetails":[],"failureMessages":[],"fullName":"deriveRosterStatus ignora un bajo antiguo si el alumno volvió a subir","invocations":1,"location":{"column":3,"line":55},"numPassingAsserts":1,"retryReasons":[],"status":"passed","title":"ignora un bajo antiguo si el alumno volvió a subir"},{"ancestorTitles":["deriveRosterStatus"],"duration":2,"failureDetails":[],"failureMessages":[],"fullName":"deriveRosterStatus vuelve a bordo si se anula solo el último bajo","invocations":1,"location":{"column":3,"line":66},"numPassingAsserts":1,"retryReasons":[],"status":"passed","title":"vuelve a bordo si se anula solo el último bajo"}],"endTime":1782092857492,"message":"","name":"C:\\Users\\denil\\PROYECTOS\\MUNICIPALIDAD\\BusControl\\mobile\\src\\features\\trips\\domain\\trip-roster.builder.test.ts","startTime":1782092836932,"status":"passed","summary":""},{"assertionResults":[{"ancestorTitles":["testS · chofer sync y roster"],"duration":39,"failureDetails":[],"failureMessages":[],"fullName":"testS · chofer sync y roster registro del servidor no muestra Pendiente sync por is_offline_sync","invocations":1,"location":{"column":3,"line":56},"numPassingAsserts":2,"retryReasons":[],"status":"passed","title":"registro del servidor no muestra Pendiente sync por is_offline_sync"},{"ancestorTitles":["testS · chofer sync y roster"],"duration":2,"failureDetails":[],"failureMessages":[],"fullName":"testS · chofer sync y roster patch/local sí cuenta como pendiente de sync","invocations":1,"location":{"column":3,"line":64},"numPassingAsserts":1,"retryReasons":[],"status":"passed","title":"patch/local sí cuenta como pendiente de sync"},{"ancestorTitles":["testS · chofer sync y roster"],"duration":2,"failureDetails":[],"failureMessages":[],"fullName":"testS · chofer sync y roster cola obsoleta marca pendiente si el servidor ya tiene el evento (hasta prune)","invocations":1,"location":{"column":3,"line":69},"numPassingAsserts":2,"retryReasons":[],"status":"passed","title":"cola obsoleta marca pendiente si el servidor ya tiene el evento (hasta prune)"},{"ancestorTitles":["testS · chofer sync y roster"],"duration":3,"failureDetails":[],"failureMessages":[],"fullName":"testS · chofer sync y roster tras anular último bajo vuelve a onboard y permite marcar en colegio","invocations":1,"location":{"column":3,"line":85},"numPassingAsserts":2,"retryReasons":[],"status":"passed","title":"tras anular último bajo vuelve a onboard y permite marcar en colegio"},{"ancestorTitles":["testS · chofer sync y roster"],"duration":2,"failureDetails":[],"failureMessages":[],"fullName":"testS · chofer sync y roster Anular registro visible solo con id real y sin pending sync","invocations":1,"location":{"column":3,"line":97},"numPassingAsserts":2,"retryReasons":[],"status":"passed","title":"Anular registro visible solo con id real y sin pending sync"}],"endTime":1782092857496,"message":"","name":"C:\\Users\\denil\\PROYECTOS\\MUNICIPALIDAD\\BusControl\\mobile\\testS\\chofer.sync-and-roster.test.ts","startTime":1782092836941,"status":"passed","summary":""},{"assertionResults":[{"ancestorTitles":["groupEventsByStudent"],"duration":88,"failureDetails":[],"failureMessages":[],"fullName":"groupEventsByStudent agrupa eventos del mismo alumno y ordena alfabéticamente","invocations":1,"location":{"column":3,"line":26},"numPassingAsserts":4,"retryReasons":[],"status":"passed","title":"agrupa eventos del mismo alumno y ordena alfabéticamente"},{"ancestorTitles":["groupEventsByStudent"],"duration":2,"failureDetails":[],"failureMessages":[],"fullName":"groupEventsByStudent ordena eventos del alumno por hora descendente","invocations":1,"location":{"column":3,"line":45},"numPassingAsserts":2,"retryReasons":[],"status":"passed","title":"ordena eventos del alumno por hora descendente"},{"ancestorTitles":["buildStudentActivitySummary"],"duration":27,"failureDetails":[],"failureMessages":[],"fullName":"buildStudentActivitySummary resume un solo evento con acción y hora","invocations":1,"location":{"column":3,"line":68},"numPassingAsserts":2,"retryReasons":[],"status":"passed","title":"resume un solo evento con acción y hora"},{"ancestorTitles":["buildStudentActivitySummary"],"duration":5,"failureDetails":[],"failureMessages":[],"fullName":"buildStudentActivitySummary resume varios eventos con tags compactos","invocations":1,"location":{"column":3,"line":87},"numPassingAsserts":3,"retryReasons":[],"status":"passed","title":"resume varios eventos con tags compactos"}],"endTime":1782092857519,"message":"","name":"C:\\Users\\denil\\PROYECTOS\\MUNICIPALIDAD\\BusControl\\mobile\\src\\features\\trips\\domain\\activity-student-grouping.test.ts","startTime":1782092836932,"status":"passed","summary":""},{"assertionResults":[{"ancestorTitles":["formatDayChipLabel"],"duration":43,"failureDetails":[],"failureMessages":[],"fullName":"formatDayChipLabel marca hoy y ayer","invocations":1,"location":{"column":3,"line":28},"numPassingAsserts":2,"retryReasons":[],"status":"passed","title":"marca hoy y ayer"},{"ancestorTitles":["buildDayOptions"],"duration":75,"failureDetails":[],"failureMessages":[],"fullName":"buildDayOptions genera 7 días con hoy al final","invocations":1,"location":{"column":3,"line":35},"numPassingAsserts":3,"retryReasons":[],"status":"passed","title":"genera 7 días con hoy al final"},{"ancestorTitles":["groupActivityByDayAndTrip"],"duration":8,"failureDetails":[],"failureMessages":[],"fullName":"groupActivityByDayAndTrip agrupa por día y viaje y ordena eventos por hora desc","invocations":1,"location":{"column":3,"line":44},"numPassingAsserts":5,"retryReasons":[],"status":"passed","title":"agrupa por día y viaje y ordena eventos por hora desc"},{"ancestorTitles":["getTripsForDate"],"duration":3,"failureDetails":[],"failureMessages":[],"fullName":"getTripsForDate devuelve solo los viajes del día seleccionado","invocations":1,"location":{"column":3,"line":79},"numPassingAsserts":2,"retryReasons":[],"status":"passed","title":"devuelve solo los viajes del día seleccionado"}],"endTime":1782092857577,"message":"","name":"C:\\Users\\denil\\PROYECTOS\\MUNICIPALIDAD\\BusControl\\mobile\\src\\features\\trips\\domain\\activity-grouping.test.ts","startTime":1782092836932,"status":"passed","summary":""},{"assertionResults":[{"ancestorTitles":["resolveLinkedStudentPairs"],"duration":79,"failureDetails":[],"failureMessages":[],"fullName":"resolveLinkedStudentPairs empareja por student_id del vínculo","invocations":1,"location":{"column":3,"line":43},"numPassingAsserts":2,"retryReasons":[],"status":"passed","title":"empareja por student_id del vínculo"},{"ancestorTitles":["resolveLinkedStudentPairs"],"duration":4,"failureDetails":[],"failureMessages":[],"fullName":"resolveLinkedStudentPairs si el vínculo tiene otro id, usa el alumno del padrón/RPC","invocations":1,"location":{"column":3,"line":51},"numPassingAsserts":2,"retryReasons":[],"status":"passed","title":"si el vínculo tiene otro id, usa el alumno del padrón/RPC"},{"ancestorTitles":["pickPreferredStudentTripStatus"],"duration":1,"failureDetails":[],"failureMessages":[],"fullName":"pickPreferredStudentTripStatus prefiere at_school sobre pending de la tabla resumen","invocations":1,"location":{"column":3,"line":61},"numPassingAsserts":1,"retryReasons":[],"status":"passed","title":"prefiere at_school sobre pending de la tabla resumen"},{"ancestorTitles":["pickPreferredStudentTripStatusForParent"],"duration":1,"failureDetails":[],"failureMessages":[],"fullName":"pickPreferredStudentTripStatusForParent prefiere retorno tarde activo sobre recojo mañana completado","invocations":1,"location":{"column":3,"line":84},"numPassingAsserts":1,"retryReasons":[],"status":"passed","title":"prefiere retorno tarde activo sobre recojo mañana completado"},{"ancestorTitles":["pickPreferredStudentTripStatusForParent"],"duration":3,"failureDetails":[],"failureMessages":[],"fullName":"pickPreferredStudentTripStatusForParent ignora recojo mañana activo duplicado si ya hay recojo mañana completado","invocations":1,"location":{"column":3,"line":119},"numPassingAsserts":1,"retryReasons":[],"status":"passed","title":"ignora recojo mañana activo duplicado si ya hay recojo mañana completado"}],"endTime":1782092857717,"message":"","name":"C:\\Users\\denil\\PROYECTOS\\MUNICIPALIDAD\\BusControl\\mobile\\src\\features\\parent\\domain\\parent-linked-students.test.ts","startTime":1782092836979,"status":"passed","summary":""},{"assertionResults":[{"ancestorTitles":["buildActivityListSections"],"duration":42,"failureDetails":[],"failureMessages":[],"fullName":"buildActivityListSections agrupa por alumno en modo día normal","invocations":1,"location":{"column":3,"line":41},"numPassingAsserts":5,"retryReasons":[],"status":"passed","title":"agrupa por alumno en modo día normal"},{"ancestorTitles":["buildActivityListSections"],"duration":2,"failureDetails":[],"failureMessages":[],"fullName":"buildActivityListSections también agrupa por alumno en búsqueda","invocations":1,"location":{"column":3,"line":56},"numPassingAsserts":3,"retryReasons":[],"status":"passed","title":"también agrupa por alumno en búsqueda"}],"endTime":1782092859059,"message":"","name":"C:\\Users\\denil\\PROYECTOS\\MUNICIPALIDAD\\BusControl\\mobile\\src\\features\\trips\\domain\\activity-list.sections.test.ts","startTime":1782092857085,"status":"passed","summary":""},{"assertionResults":[{"ancestorTitles":["mapActivityEventLabelShort"],"duration":3,"failureDetails":[],"failureMessages":[],"fullName":"mapActivityEventLabelShort no repite el turno en subida","invocations":1,"location":{"column":3,"line":7},"numPassingAsserts":2,"retryReasons":[],"status":"passed","title":"no repite el turno en subida"},{"ancestorTitles":["mapActivityEventLabelShort"],"duration":1,"failureDetails":[],"failureMessages":[],"fullName":"mapActivityEventLabelShort distingue bajada recojo vs retorno","invocations":1,"location":{"column":3,"line":12},"numPassingAsserts":2,"retryReasons":[],"status":"passed","title":"distingue bajada recojo vs retorno"},{"ancestorTitles":["mapActivityEventTagLabel"],"duration":0,"failureDetails":[],"failureMessages":[],"fullName":"mapActivityEventTagLabel usa etiquetas compactas para el tag","invocations":1,"location":{"column":3,"line":19},"numPassingAsserts":3,"retryReasons":[],"status":"passed","title":"usa etiquetas compactas para el tag"}],"endTime":1782092859169,"message":"","name":"C:\\Users\\denil\\PROYECTOS\\MUNICIPALIDAD\\BusControl\\mobile\\src\\features\\trips\\domain\\activity-event.labels.test.ts","startTime":1782092857546,"status":"passed","summary":""},{"assertionResults":[{"ancestorTitles":["resolveScannerEvent"],"duration":1,"failureDetails":[],"failureMessages":[],"fullName":"resolveScannerEvent permite subida si el alumno está pendiente","invocations":1,"location":{"column":3,"line":21},"numPassingAsserts":3,"retryReasons":[],"status":"passed","title":"permite subida si el alumno está pendiente"},{"ancestorTitles":["resolveScannerEvent"],"duration":1,"failureDetails":[],"failureMessages":[],"fullName":"resolveScannerEvent bloquea si el alumno ya está a bordo","invocations":1,"location":{"column":3,"line":31},"numPassingAsserts":1,"retryReasons":[],"status":"passed","title":"bloquea si el alumno ya está a bordo"},{"ancestorTitles":["resolveScannerEvent"],"duration":0,"failureDetails":[],"failureMessages":[],"fullName":"resolveScannerEvent bloquea si el alumno ya completó la bajada","invocations":1,"location":{"column":3,"line":41},"numPassingAsserts":1,"retryReasons":[],"status":"passed","title":"bloquea si el alumno ya completó la bajada"}],"endTime":1782092859186,"message":"","name":"C:\\Users\\denil\\PROYECTOS\\MUNICIPALIDAD\\BusControl\\mobile\\src\\features\\trips\\domain\\scanner-event.rules.test.ts","startTime":1782092857343,"status":"passed","summary":""},{"assertionResults":[{"ancestorTitles":["shouldFlushAttendanceQueueBeforeRefresh"],"duration":1,"failureDetails":[],"failureMessages":[],"fullName":"shouldFlushAttendanceQueueBeforeRefresh no hace flush si skipQueueFlush es true","invocations":1,"location":{"column":3,"line":4},"numPassingAsserts":1,"retryReasons":[],"status":"passed","title":"no hace flush si skipQueueFlush es true"},{"ancestorTitles":["shouldFlushAttendanceQueueBeforeRefresh"],"duration":1,"failureDetails":[],"failureMessages":[],"fullName":"shouldFlushAttendanceQueueBeforeRefresh no hace flush sin pendientes","invocations":1,"location":{"column":3,"line":8},"numPassingAsserts":1,"retryReasons":[],"status":"passed","title":"no hace flush sin pendientes"},{"ancestorTitles":["shouldFlushAttendanceQueueBeforeRefresh"],"duration":7,"failureDetails":[],"failureMessages":[],"fullName":"shouldFlushAttendanceQueueBeforeRefresh hace flush solo con pendientes y sin skip","invocations":1,"location":{"column":3,"line":12},"numPassingAsserts":1,"retryReasons":[],"status":"passed","title":"hace flush solo con pendientes y sin skip"}],"endTime":1782092859198,"message":"","name":"C:\\Users\\denil\\PROYECTOS\\MUNICIPALIDAD\\BusControl\\mobile\\src\\features\\trips\\domain\\attendance-queue-flush.rules.test.ts","startTime":1782092857612,"status":"passed","summary":""},{"assertionResults":[{"ancestorTitles":["testS · roles y permisos"],"duration":6,"failureDetails":[],"failureMessages":[],"fullName":"testS · roles y permisos chofer puede cerrar viaje y anular registros","invocations":1,"location":{"column":3,"line":8},"numPassingAsserts":3,"retryReasons":[],"status":"passed","title":"chofer puede cerrar viaje y anular registros"},{"ancestorTitles":["testS · roles y permisos"],"duration":1,"failureDetails":[],"failureMessages":[],"fullName":"testS · roles y permisos asistenta escanea pero no cierra viaje ni anula","invocations":1,"location":{"column":3,"line":15},"numPassingAsserts":3,"retryReasons":[],"status":"passed","title":"asistenta escanea pero no cierra viaje ni anula"},{"ancestorTitles":["testS · roles y permisos"],"duration":0,"failureDetails":[],"failureMessages":[],"fullName":"testS · roles y permisos padre sin permisos operativos","invocations":1,"location":{"column":3,"line":22},"numPassingAsserts":2,"retryReasons":[],"status":"passed","title":"padre sin permisos operativos"}],"endTime":1782092859217,"message":"","name":"C:\\Users\\denil\\PROYECTOS\\MUNICIPALIDAD\\BusControl\\mobile\\testS\\auth.roles.test.ts","startTime":1782092857531,"status":"passed","summary":""},{"assertionResults":[{"ancestorTitles":["sanitizeIlikeSearchTerm"],"duration":3,"failureDetails":[],"failureMessages":[],"fullName":"sanitizeIlikeSearchTerm elimina comodines ILIKE del término de búsqueda","invocations":1,"location":{"column":3,"line":4},"numPassingAsserts":3,"retryReasons":[],"status":"passed","title":"elimina comodines ILIKE del término de búsqueda"},{"ancestorTitles":["escapeIlikePattern"],"duration":1,"failureDetails":[],"failureMessages":[],"fullName":"escapeIlikePattern escapa comodines para patrones con ESCAPE","invocations":1,"location":{"column":3,"line":12},"numPassingAsserts":2,"retryReasons":[],"status":"passed","title":"escapa comodines para patrones con ESCAPE"}],"endTime":1782092859233,"message":"","name":"C:\\Users\\denil\\PROYECTOS\\MUNICIPALIDAD\\BusControl\\mobile\\src\\shared\\utils\\ilike.test.ts","startTime":1782092857742,"status":"passed","summary":""},{"assertionResults":[{"ancestorTitles":["testS · padre estado del hijo"],"duration":9,"failureDetails":[],"failureMessages":[],"fullName":"testS · padre estado del hijo retorno tarde activo gana sobre recojo mañana completado","invocations":1,"location":{"column":3,"line":11},"numPassingAsserts":2,"retryReasons":[],"status":"passed","title":"retorno tarde activo gana sobre recojo mañana completado"},{"ancestorTitles":["testS · padre estado del hijo"],"duration":1,"failureDetails":[],"failureMessages":[],"fullName":"testS · padre estado del hijo viaje recojo duplicado activo no tapa llegó a casa","invocations":1,"location":{"column":3,"line":42},"numPassingAsserts":1,"retryReasons":[],"status":"passed","title":"viaje recojo duplicado activo no tapa llegó a casa"}],"endTime":1782092859346,"message":"","name":"C:\\Users\\denil\\PROYECTOS\\MUNICIPALIDAD\\BusControl\\mobile\\testS\\padre.status.test.ts","startTime":1782092857522,"status":"passed","summary":""},{"assertionResults":[{"ancestorTitles":["isOperatorPermissionError"],"duration":2,"failureDetails":[],"failureMessages":[],"fullName":"isOperatorPermissionError detecta errores de asignación al bus","invocations":1,"location":{"column":3,"line":4},"numPassingAsserts":2,"retryReasons":[],"status":"passed","title":"detecta errores de asignación al bus"},{"ancestorTitles":["isOperatorPermissionError"],"duration":1,"failureDetails":[],"failureMessages":[],"fullName":"isOperatorPermissionError ignora otros errores","invocations":1,"location":{"column":3,"line":9},"numPassingAsserts":2,"retryReasons":[],"status":"passed","title":"ignora otros errores"}],"endTime":1782092860234,"message":"","name":"C:\\Users\\denil\\PROYECTOS\\MUNICIPALIDAD\\BusControl\\mobile\\src\\features\\trips\\domain\\operator-permission-errors.test.ts","startTime":1782092859070,"status":"passed","summary":""},{"assertionResults":[{"ancestorTitles":["getLocalTodayDateIso"],"duration":9,"failureDetails":[],"failureMessages":[],"fullName":"getLocalTodayDateIso usa la fecha de Perú, no UTC, en la franja nocturna local","invocations":1,"location":{"column":3,"line":8},"numPassingAsserts":1,"retryReasons":[],"status":"passed","title":"usa la fecha de Perú, no UTC, en la franja nocturna local"},{"ancestorTitles":["getLocalTodayDateIso"],"duration":4,"failureDetails":[],"failureMessages":[],"fullName":"getLocalTodayDateIso coincide con el día calendario local en horario diurno","invocations":1,"location":{"column":3,"line":16},"numPassingAsserts":1,"retryReasons":[],"status":"passed","title":"coincide con el día calendario local en horario diurno"}],"endTime":1782092860305,"message":"","name":"C:\\Users\\denil\\PROYECTOS\\MUNICIPALIDAD\\BusControl\\mobile\\src\\shared\\utils\\local-date.test.ts","startTime":1782092859207,"status":"passed","summary":""},{"assertionResults":[{"ancestorTitles":["isOperationalOpsTab"],"duration":2,"failureDetails":[],"failureMessages":[],"fullName":"isOperationalOpsTab acepta trip, scanner y roster","invocations":1,"location":{"column":3,"line":7},"numPassingAsserts":3,"retryReasons":[],"status":"passed","title":"acepta trip, scanner y roster"},{"ancestorTitles":["isOperationalOpsTab"],"duration":1,"failureDetails":[],"failureMessages":[],"fullName":"isOperationalOpsTab rechaza historial, cerrar viaje y perfil","invocations":1,"location":{"column":3,"line":13},"numPassingAsserts":4,"retryReasons":[],"status":"passed","title":"rechaza historial, cerrar viaje y perfil"},{"ancestorTitles":["shouldPublishDriverLocation"],"duration":0,"failureDetails":[],"failureMessages":[],"fullName":"shouldPublishDriverLocation publica en escáner con viaje activo y app en primer plano","invocations":1,"location":{"column":3,"line":29},"numPassingAsserts":1,"retryReasons":[],"status":"passed","title":"publica en escáner con viaje activo y app en primer plano"},{"ancestorTitles":["shouldPublishDriverLocation"],"duration":1,"failureDetails":[],"failureMessages":[],"fullName":"shouldPublishDriverLocation no publica si no es chofer","invocations":1,"location":{"column":3,"line":33},"numPassingAsserts":1,"retryReasons":[],"status":"passed","title":"no publica si no es chofer"},{"ancestorTitles":["shouldPublishDriverLocation"],"duration":1,"failureDetails":[],"failureMessages":[],"fullName":"shouldPublishDriverLocation no publica sin viaje activo","invocations":1,"location":{"column":3,"line":37},"numPassingAsserts":1,"retryReasons":[],"status":"passed","title":"no publica sin viaje activo"},{"ancestorTitles":["shouldPublishDriverLocation"],"duration":1,"failureDetails":[],"failureMessages":[],"fullName":"shouldPublishDriverLocation no publica en background","invocations":1,"location":{"column":3,"line":41},"numPassingAsserts":1,"retryReasons":[],"status":"passed","title":"no publica en background"},{"ancestorTitles":["shouldPublishDriverLocation"],"duration":0,"failureDetails":[],"failureMessages":[],"fullName":"shouldPublishDriverLocation no publica en historial","invocations":1,"location":{"column":3,"line":45},"numPassingAsserts":1,"retryReasons":[],"status":"passed","title":"no publica en historial"}],"endTime":1782092860331,"message":"","name":"C:\\Users\\denil\\PROYECTOS\\MUNICIPALIDAD\\BusControl\\mobile\\src\\features\\trips\\domain\\driver-location-publish.rules.test.ts","startTime":1782092859225,"status":"passed","summary":""},{"assertionResults":[{"ancestorTitles":["getCapabilitiesForRole"],"duration":1,"failureDetails":[],"failureMessages":[],"fullName":"getCapabilitiesForRole da permisos completos al chofer","invocations":1,"location":{"column":3,"line":8},"numPassingAsserts":5,"retryReasons":[],"status":"passed","title":"da permisos completos al chofer"},{"ancestorTitles":["getCapabilitiesForRole"],"duration":1,"failureDetails":[],"failureMessages":[],"fullName":"getCapabilitiesForRole restringe asistenta sin iniciar ni cerrar viaje","invocations":1,"location":{"column":3,"line":18},"numPassingAsserts":4,"retryReasons":[],"status":"passed","title":"restringe asistenta sin iniciar ni cerrar viaje"},{"ancestorTitles":["getCapabilitiesForRole"],"duration":0,"failureDetails":[],"failureMessages":[],"fullName":"getCapabilitiesForRole bloquea operaciones de campo al padre","invocations":1,"location":{"column":3,"line":27},"numPassingAsserts":2,"retryReasons":[],"status":"passed","title":"bloquea operaciones de campo al padre"},{"ancestorTitles":["getCapabilitiesForRole"],"duration":1,"failureDetails":[],"failureMessages":[],"fullName":"getCapabilitiesForRole trata coordinador como chofer operativo","invocations":1,"location":{"column":3,"line":34},"numPassingAsserts":2,"retryReasons":[],"status":"passed","title":"trata coordinador como chofer operativo"},{"ancestorTitles":["getCapabilitiesForRole"],"duration":1,"failureDetails":[],"failureMessages":[],"fullName":"getCapabilitiesForRole usa permisos de chofer si no hay rol asignado (V1)","invocations":1,"location":{"column":3,"line":41},"numPassingAsserts":1,"retryReasons":[],"status":"passed","title":"usa permisos de chofer si no hay rol asignado (V1)"},{"ancestorTitles":["isParentRole"],"duration":0,"failureDetails":[],"failureMessages":[],"fullName":"isParentRole identifica padre","invocations":1,"location":{"column":3,"line":49},"numPassingAsserts":1,"retryReasons":[],"status":"passed","title":"identifica padre"},{"ancestorTitles":["isParentRole"],"duration":0,"failureDetails":[],"failureMessages":[],"fullName":"isParentRole rechaza otros roles","invocations":1,"location":{"column":3,"line":53},"numPassingAsserts":2,"retryReasons":[],"status":"passed","title":"rechaza otros roles"}],"endTime":1782092860382,"message":"","name":"C:\\Users\\denil\\PROYECTOS\\MUNICIPALIDAD\\BusControl\\mobile\\src\\features\\auth\\domain\\permissions.test.ts","startTime":1782092859198,"status":"passed","summary":""},{"assertionResults":[{"ancestorTitles":["mapStudentTripStatusToPresentation"],"duration":2,"failureDetails":[],"failureMessages":[],"fullName":"mapStudentTripStatusToPresentation muestra esperando recojo cuando no hay estado","invocations":1,"location":{"column":3,"line":7},"numPassingAsserts":2,"retryReasons":[],"status":"passed","title":"muestra esperando recojo cuando no hay estado"},{"ancestorTitles":["mapStudentTripStatusToPresentation"],"duration":0,"failureDetails":[],"failureMessages":[],"fullName":"mapStudentTripStatusToPresentation muestra subió al bus en recojo","invocations":1,"location":{"column":3,"line":14},"numPassingAsserts":2,"retryReasons":[],"status":"passed","title":"muestra subió al bus en recojo"},{"ancestorTitles":["mapStudentTripStatusToPresentation"],"duration":0,"failureDetails":[],"failureMessages":[],"fullName":"mapStudentTripStatusToPresentation muestra llegó al colegio","invocations":1,"location":{"column":3,"line":21},"numPassingAsserts":2,"retryReasons":[],"status":"passed","title":"muestra llegó al colegio"},{"ancestorTitles":["mapStudentTripStatusToPresentation"],"duration":2,"failureDetails":[],"failureMessages":[],"fullName":"mapStudentTripStatusToPresentation muestra llegó a casa en retorno","invocations":1,"location":{"column":3,"line":28},"numPassingAsserts":2,"retryReasons":[],"status":"passed","title":"muestra llegó a casa en retorno"},{"ancestorTitles":["mapTimelineEventLabel"],"duration":1,"failureDetails":[],"failureMessages":[],"fullName":"mapTimelineEventLabel etiqueta subida en recojo mañana","invocations":1,"location":{"column":3,"line":37},"numPassingAsserts":1,"retryReasons":[],"status":"passed","title":"etiqueta subida en recojo mañana"},{"ancestorTitles":["mapTimelineEventLabel"],"duration":0,"failureDetails":[],"failureMessages":[],"fullName":"mapTimelineEventLabel etiqueta bajada en retorno","invocations":1,"location":{"column":3,"line":43},"numPassingAsserts":1,"retryReasons":[],"status":"passed","title":"etiqueta bajada en retorno"}],"endTime":1782092860385,"message":"","name":"C:\\Users\\denil\\PROYECTOS\\MUNICIPALIDAD\\BusControl\\mobile\\src\\features\\parent\\domain\\student-status.mapper.test.ts","startTime":1782092859242,"status":"passed","summary":""},{"assertionResults":[{"ancestorTitles":["buildDailyChecklist"],"duration":2,"failureDetails":[],"failureMessages":[],"fullName":"buildDailyChecklist muestra pasos de mañana sin viaje activo","invocations":1,"location":{"column":3,"line":19},"numPassingAsserts":2,"retryReasons":[],"status":"passed","title":"muestra pasos de mañana sin viaje activo"},{"ancestorTitles":["buildDailyChecklist"],"duration":1,"failureDetails":[],"failureMessages":[],"fullName":"buildDailyChecklist marca cerrar viaje en recojo cuando ya no hay pendientes ni a bordo","invocations":1,"location":{"column":3,"line":25},"numPassingAsserts":1,"retryReasons":[],"status":"passed","title":"marca cerrar viaje en recojo cuando ya no hay pendientes ni a bordo"},{"ancestorTitles":["buildDailyChecklist"],"duration":1,"failureDetails":[],"failureMessages":[],"fullName":"buildDailyChecklist prioriza alumnos de la mañana en retorno","invocations":1,"location":{"column":3,"line":38},"numPassingAsserts":1,"retryReasons":[],"status":"passed","title":"prioriza alumnos de la mañana en retorno"},{"ancestorTitles":["buildDailyChecklist"],"duration":0,"failureDetails":[],"failureMessages":[],"fullName":"buildDailyChecklist marca bajada en casa cuando hay alumnos a bordo en tarde","invocations":1,"location":{"column":3,"line":51},"numPassingAsserts":1,"retryReasons":[],"status":"passed","title":"marca bajada en casa cuando hay alumnos a bordo en tarde"},{"ancestorTitles":["buildDailyChecklist"],"duration":0,"failureDetails":[],"failureMessages":[],"fullName":"buildDailyChecklist oculta cerrar viaje para asistenta","invocations":1,"location":{"column":3,"line":63},"numPassingAsserts":1,"retryReasons":[],"status":"passed","title":"oculta cerrar viaje para asistenta"}],"endTime":1782092860422,"message":"","name":"C:\\Users\\denil\\PROYECTOS\\MUNICIPALIDAD\\BusControl\\mobile\\src\\features\\trips\\domain\\trip-daily-checklist.test.ts","startTime":1782092859177,"status":"passed","summary":""},{"assertionResults":[{"ancestorTitles":["trip-start.rules"],"duration":1,"failureDetails":[],"failureMessages":[],"fullName":"trip-start.rules detecta turno ya completado hoy","invocations":1,"location":{"column":3,"line":9},"numPassingAsserts":2,"retryReasons":[],"status":"passed","title":"detecta turno ya completado hoy"},{"ancestorTitles":["trip-start.rules"],"duration":0,"failureDetails":[],"failureMessages":[],"fullName":"trip-start.rules sugiere tarde si mañana ya cerró","invocations":1,"location":{"column":3,"line":14},"numPassingAsserts":2,"retryReasons":[],"status":"passed","title":"sugiere tarde si mañana ya cerró"},{"ancestorTitles":["trip-start.rules"],"duration":1,"failureDetails":[],"failureMessages":[],"fullName":"trip-start.rules sugiere el siguiente tramo tarde disponible","invocations":1,"location":{"column":3,"line":19},"numPassingAsserts":3,"retryReasons":[],"status":"passed","title":"sugiere el siguiente tramo tarde disponible"},{"ancestorTitles":["trip-start.rules"],"duration":1,"failureDetails":[],"failureMessages":[],"fullName":"trip-start.rules mensaje de bloqueo para mañana duplicada","invocations":1,"location":{"column":3,"line":25},"numPassingAsserts":1,"retryReasons":[],"status":"passed","title":"mensaje de bloqueo para mañana duplicada"}],"endTime":1782092860440,"message":"","name":"C:\\Users\\denil\\PROYECTOS\\MUNICIPALIDAD\\BusControl\\mobile\\src\\features\\trips\\domain\\trip-start.rules.test.ts","startTime":1782092859370,"status":"passed","summary":""},{"assertionResults":[{"ancestorTitles":["shouldPollParentBusLocations"],"duration":1,"failureDetails":[],"failureMessages":[],"fullName":"shouldPollParentBusLocations no hace poll cuando Realtime está SUBSCRIBED","invocations":1,"location":{"column":3,"line":4},"numPassingAsserts":1,"retryReasons":[],"status":"passed","title":"no hace poll cuando Realtime está SUBSCRIBED"},{"ancestorTitles":["shouldPollParentBusLocations"],"duration":0,"failureDetails":[],"failureMessages":[],"fullName":"shouldPollParentBusLocations no hace poll en background aunque Realtime falló","invocations":1,"location":{"column":3,"line":8},"numPassingAsserts":1,"retryReasons":[],"status":"passed","title":"no hace poll en background aunque Realtime falló"},{"ancestorTitles":["shouldPollParentBusLocations"],"duration":0,"failureDetails":[],"failureMessages":[],"fullName":"shouldPollParentBusLocations hace poll en pantalla si Realtime falló o aún no conecta","invocations":1,"location":{"column":3,"line":12},"numPassingAsserts":5,"retryReasons":[],"status":"passed","title":"hace poll en pantalla si Realtime falló o aún no conecta"}],"endTime":1782092860876,"message":"","name":"C:\\Users\\denil\\PROYECTOS\\MUNICIPALIDAD\\BusControl\\mobile\\src\\features\\parent\\domain\\parent-location-sync.rules.test.ts","startTime":1782092860250,"status":"passed","summary":""}],"wasInterrupted":false}
